<?xml version="1.0" encoding="UTF-8"?>
<!-- Generated by org.testng.reporters.JUnitReportReporter -->
<testsuite hostname="PKLAHL743" failures="0" tests="4" name="com.eurowings.runner.FlightStatusTests" time="74.878" errors="0" timestamp="2023-08-01T15:05:21 PKT" skipped="0">
  <testcase classname="com.eurowings.runner.FlightStatusTests" name="runScenario" time="15.937"/>
  <system-out/>
  <testcase classname="com.eurowings.runner.FlightStatusTests" name="runScenario" time="16.800"/>
  <system-out/>
  <testcase classname="com.eurowings.runner.FlightStatusTests" name="runScenario" time="25.023"/>
  <system-out/>
  <testcase classname="com.eurowings.runner.FlightStatusTests" name="runScenario" time="17.118"/>
  <system-out/>
</testsuite> <!-- com.eurowings.runner.FlightStatusTests -->
